[0.146s] DEBUG:colcon:Command line arguments: ['/usr/bin/colcon', 'build']
[0.146s] DEBUG:colcon:Parsed command line arguments: Namespace(allow_overriding=[], ament_cmake_args=None, base_paths=['.'], build_base='build', catkin_cmake_args=None, catkin_skip_building_tests=False, cmake_args=None, cmake_clean_cache=False, cmake_clean_first=False, cmake_force_configure=False, cmake_target=None, cmake_target_skip_unavailable=False, continue_on_error=False, event_handlers=None, executor='parallel', ignore_user_meta=False, install_base='install', log_base=None, log_level=None, main=<bound method BuildVerb.main of <colcon_core.verb.build.BuildVerb object at 0x7f1218af0d90>>, merge_install=False, metas=['./colcon.meta'], packages_above=None, packages_above_and_dependencies=None, packages_above_depth=None, packages_end=None, packages_ignore=None, packages_ignore_regex=None, packages_select=None, packages_select_build_failed=False, packages_select_by_dep=None, packages_select_regex=None, packages_select_test_failures=False, packages_skip=None, packages_skip_build_finished=False, packages_skip_by_dep=None, packages_skip_regex=None, packages_skip_test_passed=False, packages_skip_up_to=None, packages_start=None, packages_up_to=None, packages_up_to_regex=None, parallel_workers=24, paths=None, symlink_install=False, test_result_base=None, verb_extension=<colcon_core.verb.build.BuildVerb object at 0x7f1218af0d90>, verb_name='build', verb_parser=<colcon_defaults.argument_parser.defaults.DefaultArgumentsDecorator object at 0x7f12189b5580>)
[0.167s] Level 1:colcon.colcon_core.package_discovery:discover_packages(colcon_meta) check parameters
[0.167s] Level 1:colcon.colcon_core.package_discovery:discover_packages(recursive) check parameters
[0.167s] Level 1:colcon.colcon_core.package_discovery:discover_packages(ignore) check parameters
[0.167s] Level 1:colcon.colcon_core.package_discovery:discover_packages(path) check parameters
[0.167s] Level 1:colcon.colcon_core.package_discovery:discover_packages(colcon_meta) discover
[0.167s] Level 1:colcon.colcon_core.package_discovery:discover_packages(recursive) discover
[0.167s] INFO:colcon.colcon_core.package_discovery:Crawling recursively for packages in '/home/duanye/code/pcl_localization'
[0.167s] Level 1:colcon.colcon_core.package_identification:_identify(.) by extensions ['ignore', 'ignore_ament_install']
[0.167s] Level 1:colcon.colcon_core.package_identification:_identify(.) by extension 'ignore'
[0.167s] Level 1:colcon.colcon_core.package_identification:_identify(.) by extension 'ignore_ament_install'
[0.167s] Level 1:colcon.colcon_core.package_identification:_identify(.) by extensions ['colcon_pkg']
[0.167s] Level 1:colcon.colcon_core.package_identification:_identify(.) by extension 'colcon_pkg'
[0.167s] Level 1:colcon.colcon_core.package_identification:_identify(.) by extensions ['colcon_meta']
[0.167s] Level 1:colcon.colcon_core.package_identification:_identify(.) by extension 'colcon_meta'
[0.167s] Level 1:colcon.colcon_core.package_identification:_identify(.) by extensions ['ros']
[0.167s] Level 1:colcon.colcon_core.package_identification:_identify(.) by extension 'ros'
[0.176s] DEBUG:colcon.colcon_core.package_identification:Package '.' with type 'ros.ament_cmake' and name 'pcl_localization_ros2'
[0.176s] Level 1:colcon.colcon_core.package_discovery:discover_packages(recursive) using defaults
[0.176s] Level 1:colcon.colcon_core.package_discovery:discover_packages(ignore) discover
[0.176s] Level 1:colcon.colcon_core.package_discovery:discover_packages(ignore) using defaults
[0.176s] Level 1:colcon.colcon_core.package_discovery:discover_packages(path) discover
[0.176s] Level 1:colcon.colcon_core.package_discovery:discover_packages(path) using defaults
[0.189s] Level 1:colcon.colcon_core.package_discovery:discover_packages(prefix_path) check parameters
[0.189s] Level 1:colcon.colcon_core.package_discovery:discover_packages(prefix_path) discover
[0.191s] DEBUG:colcon.colcon_installed_package_information.package_discovery:Found 333 installed packages in /opt/ros/galactic
[0.192s] Level 1:colcon.colcon_core.package_discovery:discover_packages(prefix_path) using defaults
[0.221s] Level 5:colcon.colcon_core.verb:set package 'pcl_localization_ros2' build argument 'cmake_args' from command line to 'None'
[0.221s] Level 5:colcon.colcon_core.verb:set package 'pcl_localization_ros2' build argument 'cmake_target' from command line to 'None'
[0.221s] Level 5:colcon.colcon_core.verb:set package 'pcl_localization_ros2' build argument 'cmake_target_skip_unavailable' from command line to 'False'
[0.221s] Level 5:colcon.colcon_core.verb:set package 'pcl_localization_ros2' build argument 'cmake_clean_cache' from command line to 'False'
[0.221s] Level 5:colcon.colcon_core.verb:set package 'pcl_localization_ros2' build argument 'cmake_clean_first' from command line to 'False'
[0.221s] Level 5:colcon.colcon_core.verb:set package 'pcl_localization_ros2' build argument 'cmake_force_configure' from command line to 'False'
[0.221s] Level 5:colcon.colcon_core.verb:set package 'pcl_localization_ros2' build argument 'ament_cmake_args' from command line to 'None'
[0.221s] Level 5:colcon.colcon_core.verb:set package 'pcl_localization_ros2' build argument 'catkin_cmake_args' from command line to 'None'
[0.221s] Level 5:colcon.colcon_core.verb:set package 'pcl_localization_ros2' build argument 'catkin_skip_building_tests' from command line to 'False'
[0.221s] DEBUG:colcon.colcon_core.verb:Building package 'pcl_localization_ros2' with the following arguments: {'ament_cmake_args': None, 'build_base': '/home/duanye/code/pcl_localization/build/pcl_localization_ros2', 'catkin_cmake_args': None, 'catkin_skip_building_tests': False, 'cmake_args': None, 'cmake_clean_cache': False, 'cmake_clean_first': False, 'cmake_force_configure': False, 'cmake_target': None, 'cmake_target_skip_unavailable': False, 'install_base': '/home/duanye/code/pcl_localization/install/pcl_localization_ros2', 'merge_install': False, 'path': '/home/duanye/code/pcl_localization', 'symlink_install': False, 'test_result_base': None}
[0.221s] INFO:colcon.colcon_core.executor:Executing jobs using 'parallel' executor
[0.224s] DEBUG:colcon.colcon_parallel_executor.executor.parallel:run_until_complete
[0.224s] INFO:colcon.colcon_ros.task.ament_cmake.build:Building ROS package in '/home/duanye/code/pcl_localization' with build type 'ament_cmake'
[0.225s] INFO:colcon.colcon_cmake.task.cmake.build:Building CMake package in '/home/duanye/code/pcl_localization'
[0.227s] INFO:colcon.colcon_core.plugin_system:Skipping extension 'colcon_core.shell.bat': Not used on non-Windows systems
[0.227s] INFO:colcon.colcon_core.shell:Skip shell extension 'powershell' for command environment: Not usable outside of PowerShell
[0.227s] DEBUG:colcon.colcon_core.shell:Skip shell extension 'dsv' for command environment
[0.257s] DEBUG:colcon.colcon_core.event_handler.log_command:Invoking command in '/home/duanye/code/pcl_localization/build/pcl_localization_ros2': CMAKE_PREFIX_PATH=/opt/ros/galactic /usr/bin/cmake /home/duanye/code/pcl_localization -DCMAKE_INSTALL_PREFIX=/home/duanye/code/pcl_localization/install/pcl_localization_ros2
[1.970s] DEBUG:colcon.colcon_core.event_handler.log_command:Invoked command in '/home/duanye/code/pcl_localization/build/pcl_localization_ros2' returned '0': CMAKE_PREFIX_PATH=/opt/ros/galactic /usr/bin/cmake /home/duanye/code/pcl_localization -DCMAKE_INSTALL_PREFIX=/home/duanye/code/pcl_localization/install/pcl_localization_ros2
[1.971s] DEBUG:colcon.colcon_core.event_handler.log_command:Invoking command in '/home/duanye/code/pcl_localization/build/pcl_localization_ros2': CMAKE_PREFIX_PATH=/opt/ros/galactic /usr/bin/cmake --build /home/duanye/code/pcl_localization/build/pcl_localization_ros2 -- -j24 -l24
[54.675s] DEBUG:colcon.colcon_core.event_handler.log_command:Invoked command in '/home/duanye/code/pcl_localization/build/pcl_localization_ros2' returned '0': CMAKE_PREFIX_PATH=/opt/ros/galactic /usr/bin/cmake --build /home/duanye/code/pcl_localization/build/pcl_localization_ros2 -- -j24 -l24
[54.695s] DEBUG:colcon.colcon_core.event_handler.log_command:Invoking command in '/home/duanye/code/pcl_localization/build/pcl_localization_ros2': CMAKE_PREFIX_PATH=/opt/ros/galactic /usr/bin/cmake --install /home/duanye/code/pcl_localization/build/pcl_localization_ros2
[54.746s] Level 1:colcon.colcon_core.environment:create_environment_scripts_only(pcl_localization_ros2)
[54.748s] DEBUG:colcon.colcon_core.event_handler.log_command:Invoked command in '/home/duanye/code/pcl_localization/build/pcl_localization_ros2' returned '0': CMAKE_PREFIX_PATH=/opt/ros/galactic /usr/bin/cmake --install /home/duanye/code/pcl_localization/build/pcl_localization_ros2
[54.751s] Level 1:colcon.colcon_core.environment:checking '/home/duanye/code/pcl_localization/install/pcl_localization_ros2' for CMake module files
[54.751s] Level 1:colcon.colcon_core.environment:checking '/home/duanye/code/pcl_localization/install/pcl_localization_ros2' for CMake config files
[54.751s] Level 1:colcon.colcon_core.shell:create_environment_hook('pcl_localization_ros2', 'cmake_prefix_path')
[54.752s] INFO:colcon.colcon_core.shell:Creating environment hook '/home/duanye/code/pcl_localization/install/pcl_localization_ros2/share/pcl_localization_ros2/hook/cmake_prefix_path.ps1'
[54.753s] INFO:colcon.colcon_core.shell:Creating environment descriptor '/home/duanye/code/pcl_localization/install/pcl_localization_ros2/share/pcl_localization_ros2/hook/cmake_prefix_path.dsv'
[54.753s] INFO:colcon.colcon_core.shell:Creating environment hook '/home/duanye/code/pcl_localization/install/pcl_localization_ros2/share/pcl_localization_ros2/hook/cmake_prefix_path.sh'
[54.753s] Level 1:colcon.colcon_core.environment:checking '/home/duanye/code/pcl_localization/install/pcl_localization_ros2/lib'
[54.753s] Level 1:colcon.colcon_core.shell:create_environment_hook('pcl_localization_ros2', 'ld_library_path_lib')
[54.755s] INFO:colcon.colcon_core.shell:Creating environment hook '/home/duanye/code/pcl_localization/install/pcl_localization_ros2/share/pcl_localization_ros2/hook/ld_library_path_lib.ps1'
[54.755s] INFO:colcon.colcon_core.shell:Creating environment descriptor '/home/duanye/code/pcl_localization/install/pcl_localization_ros2/share/pcl_localization_ros2/hook/ld_library_path_lib.dsv'
[54.755s] INFO:colcon.colcon_core.shell:Creating environment hook '/home/duanye/code/pcl_localization/install/pcl_localization_ros2/share/pcl_localization_ros2/hook/ld_library_path_lib.sh'
[54.755s] Level 1:colcon.colcon_core.environment:checking '/home/duanye/code/pcl_localization/install/pcl_localization_ros2/bin'
[54.755s] Level 1:colcon.colcon_core.environment:checking '/home/duanye/code/pcl_localization/install/pcl_localization_ros2/lib/pkgconfig/pcl_localization_ros2.pc'
[54.755s] Level 1:colcon.colcon_core.environment:checking '/home/duanye/code/pcl_localization/install/pcl_localization_ros2/lib/python3.8/site-packages'
[54.755s] Level 1:colcon.colcon_core.environment:checking '/home/duanye/code/pcl_localization/install/pcl_localization_ros2/bin'
[54.757s] INFO:colcon.colcon_core.shell:Creating package script '/home/duanye/code/pcl_localization/install/pcl_localization_ros2/share/pcl_localization_ros2/package.ps1'
[54.757s] INFO:colcon.colcon_core.shell:Creating package descriptor '/home/duanye/code/pcl_localization/install/pcl_localization_ros2/share/pcl_localization_ros2/package.dsv'
[54.757s] INFO:colcon.colcon_core.shell:Creating package script '/home/duanye/code/pcl_localization/install/pcl_localization_ros2/share/pcl_localization_ros2/package.sh'
[54.758s] INFO:colcon.colcon_core.shell:Creating package script '/home/duanye/code/pcl_localization/install/pcl_localization_ros2/share/pcl_localization_ros2/package.bash'
[54.758s] INFO:colcon.colcon_core.shell:Creating package script '/home/duanye/code/pcl_localization/install/pcl_localization_ros2/share/pcl_localization_ros2/package.zsh'
[54.758s] Level 1:colcon.colcon_core.environment:create_file_with_runtime_dependencies(/home/duanye/code/pcl_localization/install/pcl_localization_ros2/share/colcon-core/packages/pcl_localization_ros2)
[54.773s] Level 1:colcon.colcon_core.environment:create_environment_scripts_only(pcl_localization_ros2)
[54.775s] Level 1:colcon.colcon_core.environment:checking '/home/duanye/code/pcl_localization/install/pcl_localization_ros2' for CMake module files
[54.776s] Level 1:colcon.colcon_core.environment:checking '/home/duanye/code/pcl_localization/install/pcl_localization_ros2' for CMake config files
[54.776s] Level 1:colcon.colcon_core.shell:create_environment_hook('pcl_localization_ros2', 'cmake_prefix_path')
[54.777s] INFO:colcon.colcon_core.shell:Creating environment hook '/home/duanye/code/pcl_localization/install/pcl_localization_ros2/share/pcl_localization_ros2/hook/cmake_prefix_path.ps1'
[54.778s] INFO:colcon.colcon_core.shell:Creating environment descriptor '/home/duanye/code/pcl_localization/install/pcl_localization_ros2/share/pcl_localization_ros2/hook/cmake_prefix_path.dsv'
[54.778s] INFO:colcon.colcon_core.shell:Creating environment hook '/home/duanye/code/pcl_localization/install/pcl_localization_ros2/share/pcl_localization_ros2/hook/cmake_prefix_path.sh'
[54.778s] Level 1:colcon.colcon_core.environment:checking '/home/duanye/code/pcl_localization/install/pcl_localization_ros2/lib'
[54.778s] Level 1:colcon.colcon_core.shell:create_environment_hook('pcl_localization_ros2', 'ld_library_path_lib')
[54.780s] INFO:colcon.colcon_core.shell:Creating environment hook '/home/duanye/code/pcl_localization/install/pcl_localization_ros2/share/pcl_localization_ros2/hook/ld_library_path_lib.ps1'
[54.780s] INFO:colcon.colcon_core.shell:Creating environment descriptor '/home/duanye/code/pcl_localization/install/pcl_localization_ros2/share/pcl_localization_ros2/hook/ld_library_path_lib.dsv'
[54.781s] INFO:colcon.colcon_core.shell:Creating environment hook '/home/duanye/code/pcl_localization/install/pcl_localization_ros2/share/pcl_localization_ros2/hook/ld_library_path_lib.sh'
[54.781s] Level 1:colcon.colcon_core.environment:checking '/home/duanye/code/pcl_localization/install/pcl_localization_ros2/bin'
[54.781s] Level 1:colcon.colcon_core.environment:checking '/home/duanye/code/pcl_localization/install/pcl_localization_ros2/lib/pkgconfig/pcl_localization_ros2.pc'
[54.781s] Level 1:colcon.colcon_core.environment:checking '/home/duanye/code/pcl_localization/install/pcl_localization_ros2/lib/python3.8/site-packages'
[54.781s] Level 1:colcon.colcon_core.environment:checking '/home/duanye/code/pcl_localization/install/pcl_localization_ros2/bin'
[54.783s] INFO:colcon.colcon_core.shell:Creating package script '/home/duanye/code/pcl_localization/install/pcl_localization_ros2/share/pcl_localization_ros2/package.ps1'
[54.783s] INFO:colcon.colcon_core.shell:Creating package descriptor '/home/duanye/code/pcl_localization/install/pcl_localization_ros2/share/pcl_localization_ros2/package.dsv'
[54.784s] INFO:colcon.colcon_core.shell:Creating package script '/home/duanye/code/pcl_localization/install/pcl_localization_ros2/share/pcl_localization_ros2/package.sh'
[54.784s] INFO:colcon.colcon_core.shell:Creating package script '/home/duanye/code/pcl_localization/install/pcl_localization_ros2/share/pcl_localization_ros2/package.bash'
[54.784s] INFO:colcon.colcon_core.shell:Creating package script '/home/duanye/code/pcl_localization/install/pcl_localization_ros2/share/pcl_localization_ros2/package.zsh'
[54.784s] Level 1:colcon.colcon_core.environment:create_file_with_runtime_dependencies(/home/duanye/code/pcl_localization/install/pcl_localization_ros2/share/colcon-core/packages/pcl_localization_ros2)
[54.784s] DEBUG:colcon.colcon_parallel_executor.executor.parallel:closing loop
[54.785s] DEBUG:colcon.colcon_parallel_executor.executor.parallel:loop closed
[54.785s] DEBUG:colcon.colcon_parallel_executor.executor.parallel:run_until_complete finished with '0'
[54.785s] DEBUG:colcon.colcon_core.event_reactor:joining thread
[54.788s] INFO:colcon.colcon_core.plugin_system:Skipping extension 'colcon_notification.desktop_notification.terminal_notifier': Not used on non-Darwin systems
[54.788s] INFO:colcon.colcon_core.plugin_system:Skipping extension 'colcon_notification.desktop_notification.win32': Not used on non-Windows systems
[54.788s] INFO:colcon.colcon_notification.desktop_notification:Sending desktop notification using 'notify2'
[54.800s] DEBUG:colcon.colcon_core.event_reactor:joined thread
[54.802s] INFO:colcon.colcon_core.shell:Creating prefix script '/home/duanye/code/pcl_localization/install/local_setup.ps1'
[54.803s] INFO:colcon.colcon_core.shell:Creating prefix util module '/home/duanye/code/pcl_localization/install/_local_setup_util_ps1.py'
[54.803s] INFO:colcon.colcon_core.shell:Creating prefix chain script '/home/duanye/code/pcl_localization/install/setup.ps1'
[54.804s] INFO:colcon.colcon_core.shell:Creating prefix script '/home/duanye/code/pcl_localization/install/local_setup.sh'
[54.804s] INFO:colcon.colcon_core.shell:Creating prefix util module '/home/duanye/code/pcl_localization/install/_local_setup_util_sh.py'
[54.804s] INFO:colcon.colcon_core.shell:Creating prefix chain script '/home/duanye/code/pcl_localization/install/setup.sh'
[54.805s] INFO:colcon.colcon_core.shell:Creating prefix script '/home/duanye/code/pcl_localization/install/local_setup.bash'
[54.805s] INFO:colcon.colcon_core.shell:Creating prefix chain script '/home/duanye/code/pcl_localization/install/setup.bash'
[54.806s] INFO:colcon.colcon_core.shell:Creating prefix script '/home/duanye/code/pcl_localization/install/local_setup.zsh'
[54.806s] INFO:colcon.colcon_core.shell:Creating prefix chain script '/home/duanye/code/pcl_localization/install/setup.zsh'
