** WARNING ** io features related to openni will be disabled
** WARNING ** io features related to openni2 will be disabled
** WARNING ** io features related to pcap will be disabled
** WARNING ** io features related to png will be disabled
** WARNING ** io features related to libusb-1.0 will be disabled
** WARNING ** visualization features related to openni will be disabled
** WARNING ** visualization features related to openni2 will be disabled
** WARNING ** apps features related to openni will be disabled
In file included from [01m[K/home/duanye/code/pcl_localization/src/pcl_localization_component.cpp:1[m[K:
[01m[K/home/duanye/code/pcl_localization/include/pcl_localization/pcl_localization_component.hpp:[m[K In constructor ‘[01m[KPCLLocalization::PCLLocalization(const rclcpp::NodeOptions&)[m[K’:
[01m[K/home/duanye/code/pcl_localization/include/pcl_localization/pcl_localization_component.hpp:61:30:[m[K [01;35m[Kwarning: [m[K‘[01m[KPCLLocalization::tflistener_[m[K’ will be initialized after [[01;35m[K-Wreorder[m[K]
   61 |   tf2_ros::TransformListener [01;35m[Ktflistener_[m[K;
      |                              [01;35m[K^~~~~~~~~~~[m[K
[01m[K/home/duanye/code/pcl_localization/include/pcl_localization/pcl_localization_component.hpp:58:33:[m[K [01;35m[Kwarning: [m[K  ‘[01m[Ktf2_ros::TransformBroadcaster PCLLocalization::broadcaster_[m[K’ [[01;35m[K-Wreorder[m[K]
   58 |   tf2_ros::TransformBroadcaster [01;35m[Kbroadcaster_[m[K;
      |                                 [01;35m[K^~~~~~~~~~~~[m[K
[01m[K/home/duanye/code/pcl_localization/src/pcl_localization_component.cpp:2:1:[m[K [01;35m[Kwarning: [m[K  when initialized here [[01;35m[K-Wreorder[m[K]
    2 | [01;35m[KPCLLocalization[m[K::PCLLocalization(const rclcpp::NodeOptions & options)
      | [01;35m[K^~~~~~~~~~~~~~~[m[K
[01m[K/home/duanye/code/pcl_localization/src/pcl_localization_component.cpp:[m[K In member function ‘[01m[Kvoid PCLLocalization::imuReceived(sensor_msgs::msg::Imu_<std::allocator<void> >::ConstSharedPtr)[m[K’:
[01m[K/home/duanye/code/pcl_localization/src/pcl_localization_component.cpp:372:66:[m[K [01;35m[Kwarning: [m[Knarrowing conversion of ‘[01m[Ktf_converted_imu.sensor_msgs::msg::Imu_<std::allocator<void> >::angular_velocity.geometry_msgs::msg::Vector3_<std::allocator<void> >::x[m[K’ from ‘[01m[Kgeometry_msgs::msg::Vector3_<std::allocator<void> >::_x_type[m[K’ {aka ‘[01m[Kdouble[m[K’} to ‘[01m[KEigen::Matrix<float, 3, 1>::Scalar[m[K’ {aka ‘[01m[Kfloat[m[K’} [[01;35m[K-Wnarrowing[m[K]
  372 |   Eigen::Vector3f angular_velo{[01;35m[Ktf_converted_imu.angular_velocity.x[m[K, tf_converted_imu.angular_velocity.y,
      |                                [01;35m[K~~~~~~~~~~~~~~~~~~~~~~~~~~~~~~~~~~^[m[K
[01m[K/home/duanye/code/pcl_localization/src/pcl_localization_component.cpp:372:103:[m[K [01;35m[Kwarning: [m[Knarrowing conversion of ‘[01m[Ktf_converted_imu.sensor_msgs::msg::Imu_<std::allocator<void> >::angular_velocity.geometry_msgs::msg::Vector3_<std::allocator<void> >::y[m[K’ from ‘[01m[Kgeometry_msgs::msg::Vector3_<std::allocator<void> >::_y_type[m[K’ {aka ‘[01m[Kdouble[m[K’} to ‘[01m[KEigen::Matrix<float, 3, 1>::Scalar[m[K’ {aka ‘[01m[Kfloat[m[K’} [[01;35m[K-Wnarrowing[m[K]
  372 |   Eigen::Vector3f angular_velo{tf_converted_imu.angular_velocity.x, [01;35m[Ktf_converted_imu.angular_velocity.y[m[K,
      |                                                                     [01;35m[K~~~~~~~~~~~~~~~~~~~~~~~~~~~~~~~~~~^[m[K
[01m[K/home/duanye/code/pcl_localization/src/pcl_localization_component.cpp:373:39:[m[K [01;35m[Kwarning: [m[Knarrowing conversion of ‘[01m[Ktf_converted_imu.sensor_msgs::msg::Imu_<std::allocator<void> >::angular_velocity.geometry_msgs::msg::Vector3_<std::allocator<void> >::z[m[K’ from ‘[01m[Kgeometry_msgs::msg::Vector3_<std::allocator<void> >::_z_type[m[K’ {aka ‘[01m[Kdouble[m[K’} to ‘[01m[KEigen::Matrix<float, 3, 1>::Scalar[m[K’ {aka ‘[01m[Kfloat[m[K’} [[01;35m[K-Wnarrowing[m[K]
  373 |     [01;35m[Ktf_converted_imu.angular_velocity.z[m[K};
      |     [01;35m[K~~~~~~~~~~~~~~~~~~~~~~~~~~~~~~~~~~^[m[K
[01m[K/home/duanye/code/pcl_localization/src/pcl_localization_component.cpp:374:60:[m[K [01;35m[Kwarning: [m[Knarrowing conversion of ‘[01m[Ktf_converted_imu.sensor_msgs::msg::Imu_<std::allocator<void> >::linear_acceleration.geometry_msgs::msg::Vector3_<std::allocator<void> >::x[m[K’ from ‘[01m[Kgeometry_msgs::msg::Vector3_<std::allocator<void> >::_x_type[m[K’ {aka ‘[01m[Kdouble[m[K’} to ‘[01m[KEigen::Matrix<float, 3, 1>::Scalar[m[K’ {aka ‘[01m[Kfloat[m[K’} [[01;35m[K-Wnarrowing[m[K]
  374 |   Eigen::Vector3f acc{[01;35m[Ktf_converted_imu.linear_acceleration.x[m[K, tf_converted_imu.linear_acceleration.y, tf_converted_imu.linear_acceleration.z};
      |                       [01;35m[K~~~~~~~~~~~~~~~~~~~~~~~~~~~~~~~~~~~~~^[m[K
[01m[K/home/duanye/code/pcl_localization/src/pcl_localization_component.cpp:374:100:[m[K [01;35m[Kwarning: [m[Knarrowing conversion of ‘[01m[Ktf_converted_imu.sensor_msgs::msg::Imu_<std::allocator<void> >::linear_acceleration.geometry_msgs::msg::Vector3_<std::allocator<void> >::y[m[K’ from ‘[01m[Kgeometry_msgs::msg::Vector3_<std::allocator<void> >::_y_type[m[K’ {aka ‘[01m[Kdouble[m[K’} to ‘[01m[KEigen::Matrix<float, 3, 1>::Scalar[m[K’ {aka ‘[01m[Kfloat[m[K’} [[01;35m[K-Wnarrowing[m[K]
  374 |   Eigen::Vector3f acc{tf_converted_imu.linear_acceleration.x, [01;35m[Ktf_converted_imu.linear_acceleration.y[m[K, tf_converted_imu.linear_acceleration.z};
      |                                                               [01;35m[K~~~~~~~~~~~~~~~~~~~~~~~~~~~~~~~~~~~~~^[m[K
[01m[K/home/duanye/code/pcl_localization/src/pcl_localization_component.cpp:374:140:[m[K [01;35m[Kwarning: [m[Knarrowing conversion of ‘[01m[Ktf_converted_imu.sensor_msgs::msg::Imu_<std::allocator<void> >::linear_acceleration.geometry_msgs::msg::Vector3_<std::allocator<void> >::z[m[K’ from ‘[01m[Kgeometry_msgs::msg::Vector3_<std::allocator<void> >::_z_type[m[K’ {aka ‘[01m[Kdouble[m[K’} to ‘[01m[KEigen::Matrix<float, 3, 1>::Scalar[m[K’ {aka ‘[01m[Kfloat[m[K’} [[01;35m[K-Wnarrowing[m[K]
  374 |   Eigen::Vector3f acc{tf_converted_imu.linear_acceleration.x, tf_converted_imu.linear_acceleration.y, [01;35m[Ktf_converted_imu.linear_acceleration.z[m[K};
      |                                                                                                       [01;35m[K~~~~~~~~~~~~~~~~~~~~~~~~~~~~~~~~~~~~~^[m[K
[01m[K/home/duanye/code/pcl_localization/src/pcl_localization_component.cpp:375:44:[m[K [01;35m[Kwarning: [m[Knarrowing conversion of ‘[01m[K(geometry_msgs::msg::Quaternion_<std::allocator<void> >::_w_type)((std::__shared_ptr_access<const sensor_msgs::msg::Imu_<std::allocator<void> >, __gnu_cxx::_S_atomic, false, false>*)(& msg))->std::__shared_ptr_access<const sensor_msgs::msg::Imu_<std::allocator<void> >, __gnu_cxx::_S_atomic, false, false>::operator->()->sensor_msgs::msg::Imu_<std::allocator<void> >::orientation.geometry_msgs::msg::Quaternion_<std::allocator<void> >::w[m[K’ from ‘[01m[Kgeometry_msgs::msg::Quaternion_<std::allocator<void> >::_w_type[m[K’ {aka ‘[01m[Kdouble[m[K’} to ‘[01m[KEigen::Quaternion<float>::Scalar[m[K’ {aka ‘[01m[Kfloat[m[K’} [[01;35m[K-Wnarrowing[m[K]
  375 |   Eigen::Quaternionf quat{[01;35m[Kmsg->orientation.w[m[K, msg->orientation.x, msg->orientation.y,
      |                           [01;35m[K~~~~~~~~~~~~~~~~~^[m[K
[01m[K/home/duanye/code/pcl_localization/src/pcl_localization_component.cpp:375:64:[m[K [01;35m[Kwarning: [m[Knarrowing conversion of ‘[01m[K(geometry_msgs::msg::Quaternion_<std::allocator<void> >::_x_type)((std::__shared_ptr_access<const sensor_msgs::msg::Imu_<std::allocator<void> >, __gnu_cxx::_S_atomic, false, false>*)(& msg))->std::__shared_ptr_access<const sensor_msgs::msg::Imu_<std::allocator<void> >, __gnu_cxx::_S_atomic, false, false>::operator->()->sensor_msgs::msg::Imu_<std::allocator<void> >::orientation.geometry_msgs::msg::Quaternion_<std::allocator<void> >::x[m[K’ from ‘[01m[Kgeometry_msgs::msg::Quaternion_<std::allocator<void> >::_x_type[m[K’ {aka ‘[01m[Kdouble[m[K’} to ‘[01m[KEigen::Quaternion<float>::Scalar[m[K’ {aka ‘[01m[Kfloat[m[K’} [[01;35m[K-Wnarrowing[m[K]
  375 |   Eigen::Quaternionf quat{msg->orientation.w, [01;35m[Kmsg->orientation.x[m[K, msg->orientation.y,
      |                                               [01;35m[K~~~~~~~~~~~~~~~~~^[m[K
[01m[K/home/duanye/code/pcl_localization/src/pcl_localization_component.cpp:375:84:[m[K [01;35m[Kwarning: [m[Knarrowing conversion of ‘[01m[K(geometry_msgs::msg::Quaternion_<std::allocator<void> >::_y_type)((std::__shared_ptr_access<const sensor_msgs::msg::Imu_<std::allocator<void> >, __gnu_cxx::_S_atomic, false, false>*)(& msg))->std::__shared_ptr_access<const sensor_msgs::msg::Imu_<std::allocator<void> >, __gnu_cxx::_S_atomic, false, false>::operator->()->sensor_msgs::msg::Imu_<std::allocator<void> >::orientation.geometry_msgs::msg::Quaternion_<std::allocator<void> >::y[m[K’ from ‘[01m[Kgeometry_msgs::msg::Quaternion_<std::allocator<void> >::_y_type[m[K’ {aka ‘[01m[Kdouble[m[K’} to ‘[01m[KEigen::Quaternion<float>::Scalar[m[K’ {aka ‘[01m[Kfloat[m[K’} [[01;35m[K-Wnarrowing[m[K]
  375 |   Eigen::Quaternionf quat{msg->orientation.w, msg->orientation.x, [01;35m[Kmsg->orientation.y[m[K,
      |                                                                   [01;35m[K~~~~~~~~~~~~~~~~~^[m[K
[01m[K/home/duanye/code/pcl_localization/src/pcl_localization_component.cpp:376:22:[m[K [01;35m[Kwarning: [m[Knarrowing conversion of ‘[01m[K(geometry_msgs::msg::Quaternion_<std::allocator<void> >::_z_type)((std::__shared_ptr_access<const sensor_msgs::msg::Imu_<std::allocator<void> >, __gnu_cxx::_S_atomic, false, false>*)(& msg))->std::__shared_ptr_access<const sensor_msgs::msg::Imu_<std::allocator<void> >, __gnu_cxx::_S_atomic, false, false>::operator->()->sensor_msgs::msg::Imu_<std::allocator<void> >::orientation.geometry_msgs::msg::Quaternion_<std::allocator<void> >::z[m[K’ from ‘[01m[Kgeometry_msgs::msg::Quaternion_<std::allocator<void> >::_z_type[m[K’ {aka ‘[01m[Kdouble[m[K’} to ‘[01m[KEigen::Quaternion<float>::Scalar[m[K’ {aka ‘[01m[Kfloat[m[K’} [[01;35m[K-Wnarrowing[m[K]
  376 |     [01;35m[Kmsg->orientation.z[m[K};
      |     [01;35m[K~~~~~~~~~~~~~~~~~^[m[K
