[0.006s] Invoking command in '/home/duanye/code/pcl_localization/build/pcl_localization_ros2': CMAKE_PREFIX_PATH=/opt/ros/galactic /usr/bin/cmake /home/duanye/code/pcl_localization -DCMAKE_INSTALL_PREFIX=/home/duanye/code/pcl_localization/install/pcl_localization_ros2
[0.043s] -- The C compiler identification is GNU 9.4.0
[0.078s] -- The CXX compiler identification is GNU 9.4.0
[0.080s] -- Check for working C compiler: /usr/bin/cc
[0.157s] -- Check for working C compiler: /usr/bin/cc -- works
[0.159s] -- Detecting C compiler ABI info
[0.247s] -- Detecting C compiler ABI info - done
[0.256s] -- Detecting C compile features
[0.256s] -- Detecting C compile features - done
[0.258s] -- Check for working CXX compiler: /usr/bin/c++
[0.348s] -- Check for working CXX compiler: /usr/bin/c++ -- works
[0.349s] -- Detecting CXX compiler ABI info
[0.441s] -- Detecting CXX compiler ABI info - done
[0.448s] -- Detecting CXX compile features
[0.448s] -- Detecting CXX compile features - done
[0.449s] -- Found ament_cmake: 1.1.6 (/opt/ros/galactic/share/ament_cmake/cmake)
[0.461s] -- Found PythonInterp: /usr/bin/python3 (found suitable version "3.8.10", minimum required is "3") 
[0.461s] -- Using PYTHON_EXECUTABLE: /usr/bin/python3
[0.509s] -- Found rclcpp_lifecycle: 9.2.2 (/opt/ros/galactic/share/rclcpp_lifecycle/cmake)
[0.536s] -- Using all available rosidl_typesupport_c: rosidl_typesupport_fastrtps_c;rosidl_typesupport_introspection_c
[0.538s] -- Found rosidl_adapter: 2.2.3 (/opt/ros/galactic/share/rosidl_adapter/cmake)
[0.575s] -- Found OpenSSL: /usr/lib/x86_64-linux-gnu/libcrypto.so (found version "1.1.1f")  
[0.590s] -- Found FastRTPS: /opt/ros/galactic/include  
[0.626s] -- Using all available rosidl_typesupport_cpp: rosidl_typesupport_fastrtps_cpp;rosidl_typesupport_introspection_cpp
[0.655s] -- Found rmw_implementation_cmake: 3.3.1 (/opt/ros/galactic/share/rmw_implementation_cmake/cmake)
[0.656s] -- Found rmw_cyclonedds_cpp: 0.22.6 (/opt/ros/galactic/share/rmw_cyclonedds_cpp/cmake)
[0.666s] -- Using RMW implementation 'rmw_cyclonedds_cpp' as default
[0.666s] -- Looking for pthread.h
[0.711s] -- Looking for pthread.h - found
[0.711s] -- Performing Test CMAKE_HAVE_LIBC_PTHREAD
[0.775s] -- Performing Test CMAKE_HAVE_LIBC_PTHREAD - Failed
[0.775s] -- Looking for pthread_create in pthreads
[0.836s] -- Looking for pthread_create in pthreads - not found
[0.837s] -- Looking for pthread_create in pthread
[0.939s] -- Looking for pthread_create in pthread - found
[0.939s] -- Found Threads: TRUE  
[1.046s] -- Found geometry_msgs: 2.2.4 (/opt/ros/galactic/share/geometry_msgs/cmake)
[1.062s] -- Found sensor_msgs: 2.2.4 (/opt/ros/galactic/share/sensor_msgs/cmake)
[1.098s] -- Found nav_msgs: 2.2.4 (/opt/ros/galactic/share/nav_msgs/cmake)
[1.133s] -- Found tf2_ros: 0.17.5 (/opt/ros/galactic/share/tf2_ros/cmake)
[1.310s] -- Found tf2_geometry_msgs: 0.17.5 (/opt/ros/galactic/share/tf2_geometry_msgs/cmake)
[1.315s] -- Found eigen3_cmake_module: 0.1.1 (/opt/ros/galactic/share/eigen3_cmake_module/cmake)
[1.317s] -- Found Eigen3: TRUE (found version "3.3.7") 
[1.329s] -- Found tf2_eigen: 0.17.5 (/opt/ros/galactic/share/tf2_eigen/cmake)
[1.332s] -- Found pcl_conversions: 2.3.2 (/opt/ros/galactic/share/pcl_conversions/cmake)
[1.424s] -- Checking for module 'eigen3'
[1.431s] --   Found eigen3, version 3.3.7
[1.448s] -- Found Eigen: /usr/include/eigen3 (Required is at least version "3.1") 
[1.448s] -- Eigen found (include: /usr/include/eigen3, version: 3.3.7)
[1.469s] -- Found Boost: /usr/include (found suitable version "1.71.0", minimum required is "1.55.0") found components: system filesystem date_time iostreams regex 
[1.477s] -- Checking for module 'flann'
[1.484s] --   Found flann, version 1.9.1
[1.503s] -- Found FLANN: /usr/lib/x86_64-linux-gnu/libflann_cpp.so  
[1.531s] -- The imported target "vtkParseOGLExt" references the file
[1.531s]    "/usr/bin/vtkParseOGLExt-7.1"
[1.531s] but this file does not exist.  Possible reasons include:
[1.531s] * The file was deleted, renamed, or moved to another location.
[1.531s] * An install or uninstall procedure did not complete successfully.
[1.531s] * The installation package was faulty and contained
[1.531s]    "/usr/lib/cmake/vtk-7.1/VTKTargets.cmake"
[1.531s] but not all the files it references.
[1.531s] 
[1.531s] -- The imported target "vtkRenderingPythonTkWidgets" references the file
[1.532s]    "/usr/lib/x86_64-linux-gnu/libvtkRenderingPythonTkWidgets.so"
[1.532s] but this file does not exist.  Possible reasons include:
[1.532s] * The file was deleted, renamed, or moved to another location.
[1.532s] * An install or uninstall procedure did not complete successfully.
[1.532s] * The installation package was faulty and contained
[1.532s]    "/usr/lib/cmake/vtk-7.1/VTKTargets.cmake"
[1.532s] but not all the files it references.
[1.532s] 
[1.532s] -- The imported target "vtk" references the file
[1.532s]    "/usr/bin/vtk"
[1.532s] but this file does not exist.  Possible reasons include:
[1.532s] * The file was deleted, renamed, or moved to another location.
[1.532s] * An install or uninstall procedure did not complete successfully.
[1.532s] * The installation package was faulty and contained
[1.532s]    "/usr/lib/cmake/vtk-7.1/VTKTargets.cmake"
[1.532s] but not all the files it references.
[1.532s] 
[1.532s] -- The imported target "pvtk" references the file
[1.532s]    "/usr/bin/pvtk"
[1.532s] but this file does not exist.  Possible reasons include:
[1.532s] * The file was deleted, renamed, or moved to another location.
[1.532s] * An install or uninstall procedure did not complete successfully.
[1.532s] * The installation package was faulty and contained
[1.532s]    "/usr/lib/cmake/vtk-7.1/VTKTargets.cmake"
[1.532s] but not all the files it references.
[1.532s] 
[1.546s] -- Checking for module 'libusb-1.0'
[1.548s] --   No package 'libusb-1.0' found
[1.549s] -- Could NOT find USB_10 (missing: USB_10_LIBRARY USB_10_INCLUDE_DIR) 
[1.549s] -- OpenNI disabled because libusb-1.0 not found.
[1.549s] ** WARNING ** io features related to openni will be disabled
[1.552s] -- Checking for module 'libusb-1.0'
[1.553s] --   No package 'libusb-1.0' found
[1.555s] -- Could NOT find USB_10 (missing: USB_10_LIBRARY USB_10_INCLUDE_DIR) 
[1.555s] -- OpenNI 2 disabled because libusb-1.0 not found.
[1.555s] ** WARNING ** io features related to openni2 will be disabled
[1.555s] ** WARNING ** io features related to pcap will be disabled
[1.555s] ** WARNING ** io features related to png will be disabled
[1.562s] -- LIBUSB_1_LIBRARY (missing: LIBUSB_1_INCLUDE_DIR) 
[1.562s] ** WARNING ** io features related to libusb-1.0 will be disabled
[1.564s] -- Checking for module 'libusb-1.0'
[1.566s] --   No package 'libusb-1.0' found
[1.567s] -- Could NOT find USB_10 (missing: USB_10_LIBRARY USB_10_INCLUDE_DIR) 
[1.567s] -- OpenNI disabled because libusb-1.0 not found.
[1.567s] ** WARNING ** visualization features related to openni will be disabled
[1.569s] -- Checking for module 'libusb-1.0'
[1.571s] --   No package 'libusb-1.0' found
[1.572s] -- Could NOT find USB_10 (missing: USB_10_LIBRARY USB_10_INCLUDE_DIR) 
[1.572s] -- OpenNI 2 disabled because libusb-1.0 not found.
[1.572s] ** WARNING ** visualization features related to openni2 will be disabled
[1.584s] -- Found Qhull: optimized;/usr/lib/x86_64-linux-gnu/libqhull.so;debug;/usr/lib/x86_64-linux-gnu/libqhull.so  
[1.584s] -- QHULL found (include: /usr/include, lib: optimized;/usr/lib/x86_64-linux-gnu/libqhull.so;debug;/usr/lib/x86_64-linux-gnu/libqhull.so)
[1.587s] -- Checking for module 'libusb-1.0'
[1.588s] --   No package 'libusb-1.0' found
[1.589s] -- Could NOT find USB_10 (missing: USB_10_LIBRARY USB_10_INCLUDE_DIR) 
[1.589s] -- OpenNI disabled because libusb-1.0 not found.
[1.589s] ** WARNING ** apps features related to openni will be disabled
[1.595s] -- looking for PCL_COMMON
[1.596s] -- Found PCL_COMMON: /usr/lib/x86_64-linux-gnu/libpcl_common.so  
[1.596s] -- looking for PCL_KDTREE
[1.597s] -- Found PCL_KDTREE: /usr/lib/x86_64-linux-gnu/libpcl_kdtree.so  
[1.597s] -- looking for PCL_OCTREE
[1.597s] -- Found PCL_OCTREE: /usr/lib/x86_64-linux-gnu/libpcl_octree.so  
[1.597s] -- looking for PCL_SEARCH
[1.598s] -- Found PCL_SEARCH: /usr/lib/x86_64-linux-gnu/libpcl_search.so  
[1.598s] -- looking for PCL_SAMPLE_CONSENSUS
[1.598s] -- Found PCL_SAMPLE_CONSENSUS: /usr/lib/x86_64-linux-gnu/libpcl_sample_consensus.so  
[1.598s] -- looking for PCL_FILTERS
[1.599s] -- Found PCL_FILTERS: /usr/lib/x86_64-linux-gnu/libpcl_filters.so  
[1.599s] -- looking for PCL_2D
[1.599s] -- Found PCL_2D: /usr/include/pcl-1.10  
[1.599s] -- looking for PCL_GEOMETRY
[1.599s] -- Found PCL_GEOMETRY: /usr/include/pcl-1.10  
[1.600s] -- looking for PCL_IO
[1.600s] -- Found PCL_IO: /usr/lib/x86_64-linux-gnu/libpcl_io.so  
[1.600s] -- looking for PCL_FEATURES
[1.601s] -- Found PCL_FEATURES: /usr/lib/x86_64-linux-gnu/libpcl_features.so  
[1.601s] -- looking for PCL_ML
[1.601s] -- Found PCL_ML: /usr/lib/x86_64-linux-gnu/libpcl_ml.so  
[1.602s] -- looking for PCL_SEGMENTATION
[1.602s] -- Found PCL_SEGMENTATION: /usr/lib/x86_64-linux-gnu/libpcl_segmentation.so  
[1.602s] -- looking for PCL_VISUALIZATION
[1.603s] -- Found PCL_VISUALIZATION: /usr/lib/x86_64-linux-gnu/libpcl_visualization.so  
[1.603s] -- looking for PCL_SURFACE
[1.603s] -- Found PCL_SURFACE: /usr/lib/x86_64-linux-gnu/libpcl_surface.so  
[1.604s] -- looking for PCL_REGISTRATION
[1.604s] -- Found PCL_REGISTRATION: /usr/lib/x86_64-linux-gnu/libpcl_registration.so  
[1.604s] -- looking for PCL_KEYPOINTS
[1.605s] -- Found PCL_KEYPOINTS: /usr/lib/x86_64-linux-gnu/libpcl_keypoints.so  
[1.605s] -- looking for PCL_TRACKING
[1.606s] -- Found PCL_TRACKING: /usr/lib/x86_64-linux-gnu/libpcl_tracking.so  
[1.606s] -- looking for PCL_RECOGNITION
[1.606s] -- Found PCL_RECOGNITION: /usr/lib/x86_64-linux-gnu/libpcl_recognition.so  
[1.606s] -- looking for PCL_STEREO
[1.607s] -- Found PCL_STEREO: /usr/lib/x86_64-linux-gnu/libpcl_stereo.so  
[1.607s] -- looking for PCL_APPS
[1.608s] -- Found PCL_APPS: /usr/lib/x86_64-linux-gnu/libpcl_apps.so  
[1.608s] -- looking for PCL_IN_HAND_SCANNER
[1.608s] -- Found PCL_IN_HAND_SCANNER: /usr/include/pcl-1.10  
[1.608s] -- looking for PCL_POINT_CLOUD_EDITOR
[1.609s] -- Found PCL_POINT_CLOUD_EDITOR: /usr/include/pcl-1.10  
[1.609s] -- looking for PCL_OUTOFCORE
[1.609s] -- Found PCL_OUTOFCORE: /usr/lib/x86_64-linux-gnu/libpcl_outofcore.so  
[1.609s] -- looking for PCL_PEOPLE
[1.610s] -- Found PCL_PEOPLE: /usr/lib/x86_64-linux-gnu/libpcl_people.so  
[1.611s] -- Found PCL: pcl_common;pcl_kdtree;pcl_octree;pcl_search;pcl_sample_consensus;pcl_filters;pcl_io;pcl_features;pcl_ml;pcl_segmentation;pcl_visualization;pcl_surface;pcl_registration;pcl_keypoints;pcl_tracking;pcl_recognition;pcl_stereo;pcl_apps;pcl_outofcore;pcl_people;/usr/lib/x86_64-linux-gnu/libboost_system.so;/usr/lib/x86_64-linux-gnu/libboost_filesystem.so;/usr/lib/x86_64-linux-gnu/libboost_date_time.so;/usr/lib/x86_64-linux-gnu/libboost_iostreams.so;/usr/lib/x86_64-linux-gnu/libboost_regex.so;optimized;/usr/lib/x86_64-linux-gnu/libqhull.so;debug;/usr/lib/x86_64-linux-gnu/libqhull.so;vtkChartsCore;vtkCommonColor;vtkCommonCore;vtksys;vtkCommonDataModel;vtkCommonMath;vtkCommonMisc;vtkCommonSystem;vtkCommonTransforms;vtkCommonExecutionModel;vtkFiltersGeneral;vtkCommonComputationalGeometry;vtkFiltersCore;vtkInfovisCore;vtkFiltersExtraction;vtkFiltersStatistics;vtkImagingFourier;vtkImagingCore;vtkalglib;vtkRenderingContext2D;vtkRenderingCore;vtkFiltersGeometry;vtkFiltersSources;vtkRenderingFreeType;/usr/lib/x86_64-linux-gnu/libfreetype.so;/usr/lib/x86_64-linux-gnu/libz.so;vtkFiltersModeling;vtkImagingSources;vtkInteractionStyle;vtkInteractionWidgets;vtkFiltersHybrid;vtkImagingColor;vtkImagingGeneral;vtkImagingHybrid;vtkIOImage;vtkDICOMParser;vtkmetaio;/usr/lib/x86_64-linux-gnu/libjpeg.so;/usr/lib/x86_64-linux-gnu/libpng.so;/usr/lib/x86_64-linux-gnu/libtiff.so;vtkRenderingAnnotation;vtkRenderingVolume;vtkIOXML;vtkIOCore;vtkIOXMLParser;/usr/lib/x86_64-linux-gnu/libexpat.so;vtkIOGeometry;vtkIOLegacy;vtkIOPLY;vtkRenderingLOD;vtkViewsContext2D;vtkViewsCore;vtkRenderingContextOpenGL2;vtkRenderingOpenGL2;FLANN::FLANN  
[1.665s] -- Configuring done
[1.710s] -- Generating done
[1.711s] -- Build files have been written to: /home/duanye/code/pcl_localization/build/pcl_localization_ros2
[1.719s] Invoked command in '/home/duanye/code/pcl_localization/build/pcl_localization_ros2' returned '0': CMAKE_PREFIX_PATH=/opt/ros/galactic /usr/bin/cmake /home/duanye/code/pcl_localization -DCMAKE_INSTALL_PREFIX=/home/duanye/code/pcl_localization/install/pcl_localization_ros2
[1.720s] Invoking command in '/home/duanye/code/pcl_localization/build/pcl_localization_ros2': CMAKE_PREFIX_PATH=/opt/ros/galactic /usr/bin/cmake --build /home/duanye/code/pcl_localization/build/pcl_localization_ros2 -- -j24 -l24
[1.741s] [35m[1mScanning dependencies of target pcl_localization_component[0m
[1.785s] [ 25%] [32mBuilding CXX object CMakeFiles/pcl_localization_component.dir/src/pcl_localization_component.cpp.o[0m
[5.556s] In file included from [01m[K/home/duanye/code/pcl_localization/src/pcl_localization_component.cpp:1[m[K:
[5.556s] [01m[K/home/duanye/code/pcl_localization/include/pcl_localization/pcl_localization_component.hpp:[m[K In constructor ‘[01m[KPCLLocalization::PCLLocalization(const rclcpp::NodeOptions&)[m[K’:
[5.556s] [01m[K/home/duanye/code/pcl_localization/include/pcl_localization/pcl_localization_component.hpp:61:30:[m[K [01;35m[Kwarning: [m[K‘[01m[KPCLLocalization::tflistener_[m[K’ will be initialized after [[01;35m[K-Wreorder[m[K]
[5.556s]    61 |   tf2_ros::TransformListener [01;35m[Ktflistener_[m[K;
[5.556s]       |                              [01;35m[K^~~~~~~~~~~[m[K
[5.556s] [01m[K/home/duanye/code/pcl_localization/include/pcl_localization/pcl_localization_component.hpp:58:33:[m[K [01;35m[Kwarning: [m[K  ‘[01m[Ktf2_ros::TransformBroadcaster PCLLocalization::broadcaster_[m[K’ [[01;35m[K-Wreorder[m[K]
[5.556s]    58 |   tf2_ros::TransformBroadcaster [01;35m[Kbroadcaster_[m[K;
[5.556s]       |                                 [01;35m[K^~~~~~~~~~~~[m[K
[5.556s] [01m[K/home/duanye/code/pcl_localization/src/pcl_localization_component.cpp:2:1:[m[K [01;35m[Kwarning: [m[K  when initialized here [[01;35m[K-Wreorder[m[K]
[5.557s]     2 | [01;35m[KPCLLocalization[m[K::PCLLocalization(const rclcpp::NodeOptions & options)
[5.557s]       | [01;35m[K^~~~~~~~~~~~~~~[m[K
[5.969s] [01m[K/home/duanye/code/pcl_localization/src/pcl_localization_component.cpp:[m[K In member function ‘[01m[Kvoid PCLLocalization::imuReceived(sensor_msgs::msg::Imu_<std::allocator<void> >::ConstSharedPtr)[m[K’:
[5.969s] [01m[K/home/duanye/code/pcl_localization/src/pcl_localization_component.cpp:372:66:[m[K [01;35m[Kwarning: [m[Knarrowing conversion of ‘[01m[Ktf_converted_imu.sensor_msgs::msg::Imu_<std::allocator<void> >::angular_velocity.geometry_msgs::msg::Vector3_<std::allocator<void> >::x[m[K’ from ‘[01m[Kgeometry_msgs::msg::Vector3_<std::allocator<void> >::_x_type[m[K’ {aka ‘[01m[Kdouble[m[K’} to ‘[01m[KEigen::Matrix<float, 3, 1>::Scalar[m[K’ {aka ‘[01m[Kfloat[m[K’} [[01;35m[K-Wnarrowing[m[K]
[5.969s]   372 |   Eigen::Vector3f angular_velo{[01;35m[Ktf_converted_imu.angular_velocity.x[m[K, tf_converted_imu.angular_velocity.y,
[5.969s]       |                                [01;35m[K~~~~~~~~~~~~~~~~~~~~~~~~~~~~~~~~~~^[m[K
[5.969s] [01m[K/home/duanye/code/pcl_localization/src/pcl_localization_component.cpp:372:103:[m[K [01;35m[Kwarning: [m[Knarrowing conversion of ‘[01m[Ktf_converted_imu.sensor_msgs::msg::Imu_<std::allocator<void> >::angular_velocity.geometry_msgs::msg::Vector3_<std::allocator<void> >::y[m[K’ from ‘[01m[Kgeometry_msgs::msg::Vector3_<std::allocator<void> >::_y_type[m[K’ {aka ‘[01m[Kdouble[m[K’} to ‘[01m[KEigen::Matrix<float, 3, 1>::Scalar[m[K’ {aka ‘[01m[Kfloat[m[K’} [[01;35m[K-Wnarrowing[m[K]
[5.969s]   372 |   Eigen::Vector3f angular_velo{tf_converted_imu.angular_velocity.x, [01;35m[Ktf_converted_imu.angular_velocity.y[m[K,
[5.969s]       |                                                                     [01;35m[K~~~~~~~~~~~~~~~~~~~~~~~~~~~~~~~~~~^[m[K
[5.969s] [01m[K/home/duanye/code/pcl_localization/src/pcl_localization_component.cpp:373:39:[m[K [01;35m[Kwarning: [m[Knarrowing conversion of ‘[01m[Ktf_converted_imu.sensor_msgs::msg::Imu_<std::allocator<void> >::angular_velocity.geometry_msgs::msg::Vector3_<std::allocator<void> >::z[m[K’ from ‘[01m[Kgeometry_msgs::msg::Vector3_<std::allocator<void> >::_z_type[m[K’ {aka ‘[01m[Kdouble[m[K’} to ‘[01m[KEigen::Matrix<float, 3, 1>::Scalar[m[K’ {aka ‘[01m[Kfloat[m[K’} [[01;35m[K-Wnarrowing[m[K]
[5.969s]   373 |     [01;35m[Ktf_converted_imu.angular_velocity.z[m[K};
[5.969s]       |     [01;35m[K~~~~~~~~~~~~~~~~~~~~~~~~~~~~~~~~~~^[m[K
[5.969s] [01m[K/home/duanye/code/pcl_localization/src/pcl_localization_component.cpp:374:60:[m[K [01;35m[Kwarning: [m[Knarrowing conversion of ‘[01m[Ktf_converted_imu.sensor_msgs::msg::Imu_<std::allocator<void> >::linear_acceleration.geometry_msgs::msg::Vector3_<std::allocator<void> >::x[m[K’ from ‘[01m[Kgeometry_msgs::msg::Vector3_<std::allocator<void> >::_x_type[m[K’ {aka ‘[01m[Kdouble[m[K’} to ‘[01m[KEigen::Matrix<float, 3, 1>::Scalar[m[K’ {aka ‘[01m[Kfloat[m[K’} [[01;35m[K-Wnarrowing[m[K]
[5.969s]   374 |   Eigen::Vector3f acc{[01;35m[Ktf_converted_imu.linear_acceleration.x[m[K, tf_converted_imu.linear_acceleration.y, tf_converted_imu.linear_acceleration.z};
[5.969s]       |                       [01;35m[K~~~~~~~~~~~~~~~~~~~~~~~~~~~~~~~~~~~~~^[m[K
[5.969s] [01m[K/home/duanye/code/pcl_localization/src/pcl_localization_component.cpp:374:100:[m[K [01;35m[Kwarning: [m[Knarrowing conversion of ‘[01m[Ktf_converted_imu.sensor_msgs::msg::Imu_<std::allocator<void> >::linear_acceleration.geometry_msgs::msg::Vector3_<std::allocator<void> >::y[m[K’ from ‘[01m[Kgeometry_msgs::msg::Vector3_<std::allocator<void> >::_y_type[m[K’ {aka ‘[01m[Kdouble[m[K’} to ‘[01m[KEigen::Matrix<float, 3, 1>::Scalar[m[K’ {aka ‘[01m[Kfloat[m[K’} [[01;35m[K-Wnarrowing[m[K]
[5.969s]   374 |   Eigen::Vector3f acc{tf_converted_imu.linear_acceleration.x, [01;35m[Ktf_converted_imu.linear_acceleration.y[m[K, tf_converted_imu.linear_acceleration.z};
[5.970s]       |                                                               [01;35m[K~~~~~~~~~~~~~~~~~~~~~~~~~~~~~~~~~~~~~^[m[K
[5.970s] [01m[K/home/duanye/code/pcl_localization/src/pcl_localization_component.cpp:374:140:[m[K [01;35m[Kwarning: [m[Knarrowing conversion of ‘[01m[Ktf_converted_imu.sensor_msgs::msg::Imu_<std::allocator<void> >::linear_acceleration.geometry_msgs::msg::Vector3_<std::allocator<void> >::z[m[K’ from ‘[01m[Kgeometry_msgs::msg::Vector3_<std::allocator<void> >::_z_type[m[K’ {aka ‘[01m[Kdouble[m[K’} to ‘[01m[KEigen::Matrix<float, 3, 1>::Scalar[m[K’ {aka ‘[01m[Kfloat[m[K’} [[01;35m[K-Wnarrowing[m[K]
[5.970s]   374 |   Eigen::Vector3f acc{tf_converted_imu.linear_acceleration.x, tf_converted_imu.linear_acceleration.y, [01;35m[Ktf_converted_imu.linear_acceleration.z[m[K};
[5.970s]       |                                                                                                       [01;35m[K~~~~~~~~~~~~~~~~~~~~~~~~~~~~~~~~~~~~~^[m[K
[5.970s] [01m[K/home/duanye/code/pcl_localization/src/pcl_localization_component.cpp:375:44:[m[K [01;35m[Kwarning: [m[Knarrowing conversion of ‘[01m[K(geometry_msgs::msg::Quaternion_<std::allocator<void> >::_w_type)((std::__shared_ptr_access<const sensor_msgs::msg::Imu_<std::allocator<void> >, __gnu_cxx::_S_atomic, false, false>*)(& msg))->std::__shared_ptr_access<const sensor_msgs::msg::Imu_<std::allocator<void> >, __gnu_cxx::_S_atomic, false, false>::operator->()->sensor_msgs::msg::Imu_<std::allocator<void> >::orientation.geometry_msgs::msg::Quaternion_<std::allocator<void> >::w[m[K’ from ‘[01m[Kgeometry_msgs::msg::Quaternion_<std::allocator<void> >::_w_type[m[K’ {aka ‘[01m[Kdouble[m[K’} to ‘[01m[KEigen::Quaternion<float>::Scalar[m[K’ {aka ‘[01m[Kfloat[m[K’} [[01;35m[K-Wnarrowing[m[K]
[5.970s]   375 |   Eigen::Quaternionf quat{[01;35m[Kmsg->orientation.w[m[K, msg->orientation.x, msg->orientation.y,
[5.970s]       |                           [01;35m[K~~~~~~~~~~~~~~~~~^[m[K
[5.970s] [01m[K/home/duanye/code/pcl_localization/src/pcl_localization_component.cpp:375:64:[m[K [01;35m[Kwarning: [m[Knarrowing conversion of ‘[01m[K(geometry_msgs::msg::Quaternion_<std::allocator<void> >::_x_type)((std::__shared_ptr_access<const sensor_msgs::msg::Imu_<std::allocator<void> >, __gnu_cxx::_S_atomic, false, false>*)(& msg))->std::__shared_ptr_access<const sensor_msgs::msg::Imu_<std::allocator<void> >, __gnu_cxx::_S_atomic, false, false>::operator->()->sensor_msgs::msg::Imu_<std::allocator<void> >::orientation.geometry_msgs::msg::Quaternion_<std::allocator<void> >::x[m[K’ from ‘[01m[Kgeometry_msgs::msg::Quaternion_<std::allocator<void> >::_x_type[m[K’ {aka ‘[01m[Kdouble[m[K’} to ‘[01m[KEigen::Quaternion<float>::Scalar[m[K’ {aka ‘[01m[Kfloat[m[K’} [[01;35m[K-Wnarrowing[m[K]
[5.970s]   375 |   Eigen::Quaternionf quat{msg->orientation.w, [01;35m[Kmsg->orientation.x[m[K, msg->orientation.y,
[5.970s]       |                                               [01;35m[K~~~~~~~~~~~~~~~~~^[m[K
[5.970s] [01m[K/home/duanye/code/pcl_localization/src/pcl_localization_component.cpp:375:84:[m[K [01;35m[Kwarning: [m[Knarrowing conversion of ‘[01m[K(geometry_msgs::msg::Quaternion_<std::allocator<void> >::_y_type)((std::__shared_ptr_access<const sensor_msgs::msg::Imu_<std::allocator<void> >, __gnu_cxx::_S_atomic, false, false>*)(& msg))->std::__shared_ptr_access<const sensor_msgs::msg::Imu_<std::allocator<void> >, __gnu_cxx::_S_atomic, false, false>::operator->()->sensor_msgs::msg::Imu_<std::allocator<void> >::orientation.geometry_msgs::msg::Quaternion_<std::allocator<void> >::y[m[K’ from ‘[01m[Kgeometry_msgs::msg::Quaternion_<std::allocator<void> >::_y_type[m[K’ {aka ‘[01m[Kdouble[m[K’} to ‘[01m[KEigen::Quaternion<float>::Scalar[m[K’ {aka ‘[01m[Kfloat[m[K’} [[01;35m[K-Wnarrowing[m[K]
[5.970s]   375 |   Eigen::Quaternionf quat{msg->orientation.w, msg->orientation.x, [01;35m[Kmsg->orientation.y[m[K,
[5.970s]       |                                                                   [01;35m[K~~~~~~~~~~~~~~~~~^[m[K
[5.970s] [01m[K/home/duanye/code/pcl_localization/src/pcl_localization_component.cpp:376:22:[m[K [01;35m[Kwarning: [m[Knarrowing conversion of ‘[01m[K(geometry_msgs::msg::Quaternion_<std::allocator<void> >::_z_type)((std::__shared_ptr_access<const sensor_msgs::msg::Imu_<std::allocator<void> >, __gnu_cxx::_S_atomic, false, false>*)(& msg))->std::__shared_ptr_access<const sensor_msgs::msg::Imu_<std::allocator<void> >, __gnu_cxx::_S_atomic, false, false>::operator->()->sensor_msgs::msg::Imu_<std::allocator<void> >::orientation.geometry_msgs::msg::Quaternion_<std::allocator<void> >::z[m[K’ from ‘[01m[Kgeometry_msgs::msg::Quaternion_<std::allocator<void> >::_z_type[m[K’ {aka ‘[01m[Kdouble[m[K’} to ‘[01m[KEigen::Quaternion<float>::Scalar[m[K’ {aka ‘[01m[Kfloat[m[K’} [[01;35m[K-Wnarrowing[m[K]
[5.970s]   376 |     [01;35m[Kmsg->orientation.z[m[K};
[5.970s]       |     [01;35m[K~~~~~~~~~~~~~~~~~^[m[K
[45.169s] [ 50%] [32m[1mLinking CXX shared library libpcl_localization_component.so[0m
[45.753s] [ 50%] Built target pcl_localization_component
[45.758s] [35m[1mScanning dependencies of target pcl_localization_node[0m
[45.801s] [ 75%] [32mBuilding CXX object CMakeFiles/pcl_localization_node.dir/src/pcl_localization_node.cpp.o[0m
[53.904s] [100%] [32m[1mLinking CXX executable pcl_localization_node[0m
[54.417s] [100%] Built target pcl_localization_node
[54.423s] Invoked command in '/home/duanye/code/pcl_localization/build/pcl_localization_ros2' returned '0': CMAKE_PREFIX_PATH=/opt/ros/galactic /usr/bin/cmake --build /home/duanye/code/pcl_localization/build/pcl_localization_ros2 -- -j24 -l24
[54.443s] Invoking command in '/home/duanye/code/pcl_localization/build/pcl_localization_ros2': CMAKE_PREFIX_PATH=/opt/ros/galactic /usr/bin/cmake --install /home/duanye/code/pcl_localization/build/pcl_localization_ros2
[54.449s] -- Install configuration: ""
[54.449s] -- Installing: /home/duanye/code/pcl_localization/install/pcl_localization_ros2/share/pcl_localization_ros2/environment/library_path.sh
[54.450s] -- Installing: /home/duanye/code/pcl_localization/install/pcl_localization_ros2/share/pcl_localization_ros2/environment/library_path.dsv
[54.450s] -- Installing: /home/duanye/code/pcl_localization/install/pcl_localization_ros2/lib/pcl_localization_ros2/pcl_localization_node
[54.458s] -- Set runtime path of "/home/duanye/code/pcl_localization/install/pcl_localization_ros2/lib/pcl_localization_ros2/pcl_localization_node" to ""
[54.458s] -- Installing: /home/duanye/code/pcl_localization/install/pcl_localization_ros2/lib/libpcl_localization_component.so
[54.493s] -- Set runtime path of "/home/duanye/code/pcl_localization/install/pcl_localization_ros2/lib/libpcl_localization_component.so" to ""
[54.493s] -- Installing: /home/duanye/code/pcl_localization/install/pcl_localization_ros2/share/pcl_localization_ros2//launch
[54.493s] -- Installing: /home/duanye/code/pcl_localization/install/pcl_localization_ros2/share/pcl_localization_ros2//launch/pcl_localization.launch.py
[54.493s] -- Installing: /home/duanye/code/pcl_localization/install/pcl_localization_ros2/share/pcl_localization_ros2//param
[54.493s] -- Installing: /home/duanye/code/pcl_localization/install/pcl_localization_ros2/share/pcl_localization_ros2//param/localization.yaml
[54.493s] -- Installing: /home/duanye/code/pcl_localization/install/pcl_localization_ros2/share/ament_index/resource_index/package_run_dependencies/pcl_localization_ros2
[54.493s] -- Installing: /home/duanye/code/pcl_localization/install/pcl_localization_ros2/share/ament_index/resource_index/parent_prefix_path/pcl_localization_ros2
[54.494s] -- Installing: /home/duanye/code/pcl_localization/install/pcl_localization_ros2/share/pcl_localization_ros2/environment/ament_prefix_path.sh
[54.494s] -- Installing: /home/duanye/code/pcl_localization/install/pcl_localization_ros2/share/pcl_localization_ros2/environment/ament_prefix_path.dsv
[54.494s] -- Installing: /home/duanye/code/pcl_localization/install/pcl_localization_ros2/share/pcl_localization_ros2/environment/path.sh
[54.494s] -- Installing: /home/duanye/code/pcl_localization/install/pcl_localization_ros2/share/pcl_localization_ros2/environment/path.dsv
[54.494s] -- Installing: /home/duanye/code/pcl_localization/install/pcl_localization_ros2/share/pcl_localization_ros2/local_setup.bash
[54.494s] -- Installing: /home/duanye/code/pcl_localization/install/pcl_localization_ros2/share/pcl_localization_ros2/local_setup.sh
[54.494s] -- Installing: /home/duanye/code/pcl_localization/install/pcl_localization_ros2/share/pcl_localization_ros2/local_setup.zsh
[54.494s] -- Installing: /home/duanye/code/pcl_localization/install/pcl_localization_ros2/share/pcl_localization_ros2/local_setup.dsv
[54.494s] -- Installing: /home/duanye/code/pcl_localization/install/pcl_localization_ros2/share/pcl_localization_ros2/package.dsv
[54.494s] -- Installing: /home/duanye/code/pcl_localization/install/pcl_localization_ros2/share/ament_index/resource_index/packages/pcl_localization_ros2
[54.494s] -- Installing: /home/duanye/code/pcl_localization/install/pcl_localization_ros2/share/pcl_localization_ros2/cmake/ament_cmake_export_libraries-extras.cmake
[54.494s] -- Installing: /home/duanye/code/pcl_localization/install/pcl_localization_ros2/share/pcl_localization_ros2/cmake/pcl_localization_ros2Config.cmake
[54.494s] -- Installing: /home/duanye/code/pcl_localization/install/pcl_localization_ros2/share/pcl_localization_ros2/cmake/pcl_localization_ros2Config-version.cmake
[54.494s] -- Installing: /home/duanye/code/pcl_localization/install/pcl_localization_ros2/share/pcl_localization_ros2/package.xml
[54.496s] Invoked command in '/home/duanye/code/pcl_localization/build/pcl_localization_ros2' returned '0': CMAKE_PREFIX_PATH=/opt/ros/galactic /usr/bin/cmake --install /home/duanye/code/pcl_localization/build/pcl_localization_ros2
